# JRE version: Java(TM) SE Runtime Environment 18.9 (11.0.18+9) (build 11.0.18+9-LTS-195)
# Java VM: Java HotSpot(TM) 64-Bit Server VM 18.9 (11.0.18+9-LTS-195, mixed mode, tiered, compressed oops, g1 gc, windows-amd64)
Heap:
 garbage-first heap   total 129024K, used 15793K [0x0000000082200000, 0x0000000100000000)
  region size 1024K, 11 young (11264K), 3 survivors (3072K)
 Metaspace       used 21535K, capacity 22173K, committed 22216K, reserved 1069056K
  class space    used 2540K, capacity 2815K, committed 2816K, reserved 1048576K
GC Heap History (8 events):
Event: 4.493 GC heap before
{Heap before GC invocations=0 (full 0):
 garbage-first heap   total 129024K, used 13312K [0x0000000082200000, 0x0000000100000000)
  region size 1024K, 14 young (14336K), 0 survivors (0K)
 Metaspace       used 11887K, capacity 12281K, committed 12416K, reserved 1060864K
  class space    used 1274K, capacity 1407K, committed 1408K, reserved 1048576K
}
Event: 4.539 GC heap after
{Heap after GC invocations=1 (full 0):
 garbage-first heap   total 129024K, used 5727K [0x0000000082200000, 0x0000000100000000)
  region size 1024K, 2 young (2048K), 2 survivors (2048K)
 Metaspace       used 11887K, capacity 12281K, committed 12416K, reserved 1060864K
  class space    used 1274K, capacity 1407K, committed 1408K, reserved 1048576K
}
Event: 5.403 GC heap before
{Heap before GC invocations=1 (full 0):
 garbage-first heap   total 129024K, used 11871K [0x0000000082200000, 0x0000000100000000)
  region size 1024K, 8 young (8192K), 2 survivors (2048K)
 Metaspace       used 13829K, capacity 14247K, committed 14464K, reserved 1062912K
  class space    used 1477K, capacity 1616K, committed 1664K, reserved 1048576K
}
Event: 5.410 GC heap after
{Heap after GC invocations=2 (full 0):
 garbage-first heap   total 129024K, used 6700K [0x0000000082200000, 0x0000000100000000)
  region size 1024K, 1 young (1024K), 1 survivors (1024K)
 Metaspace       used 13829K, capacity 14247K, committed 14464K, reserved 1062912K
  class space    used 1477K, capacity 1616K, committed 1664K, reserved 1048576K
}
Event: 6.695 GC heap before
{Heap before GC invocations=2 (full 0):
 garbage-first heap   total 129024K, used 27180K [0x0000000082200000, 0x0000000100000000)
  region size 1024K, 21 young (21504K), 1 survivors (1024K)
 Metaspace       used 16003K, capacity 16456K, committed 16640K, reserved 1064960K
  class space    used 1792K, capacity 1957K, committed 2048K, reserved 1048576K
}
Event: 6.725 GC heap after
{Heap after GC invocations=3 (full 0):
 garbage-first heap   total 129024K, used 7291K [0x0000000082200000, 0x0000000100000000)
  region size 1024K, 2 young (2048K), 2 survivors (2048K)
 Metaspace       used 16003K, capacity 16456K, committed 16640K, reserved 1064960K
  class space    used 1792K, capacity 1957K, committed 2048K, reserved 1048576K
}
Event: 8.442 GC heap before
{Heap before GC invocations=3 (full 0):
 garbage-first heap   total 129024K, used 33915K [0x0000000082200000, 0x0000000100000000)
  region size 1024K, 30 young (30720K), 2 survivors (2048K)
 Metaspace       used 20424K, capacity 21074K, committed 21248K, reserved 1067008K
  class space    used 2421K, capacity 2703K, committed 2816K, reserved 1048576K
}
Event: 8.452 GC heap after
{Heap after GC invocations=4 (full 0):
 garbage-first heap   total 129024K, used 8625K [0x0000000082200000, 0x0000000100000000)
  region size 1024K, 3 young (3072K), 3 survivors (3072K)
 Metaspace       used 20424K, capacity 21074K, committed 21248K, reserved 1067008K
  class space    used 2421K, capacity 2703K, committed 2816K, reserved 1048576K
}

