# JRE version: Java(TM) SE Runtime Environment 18.9 (11.0.18+9) (build 11.0.18+9-LTS-195)
# Java VM: Java HotSpot(TM) 64-Bit Server VM 18.9 (11.0.18+9-LTS-195, mixed mode, tiered, compressed oops, g1 gc, windows-amd64)
Heap:
 garbage-first heap   total 129024K, used 33335K [0x0000000082200000, 0x0000000100000000)
  region size 1024K, 27 young (27648K), 8 survivors (8192K)
 Metaspace       used 36211K, capacity 37188K, committed 37248K, reserved 1081344K
  class space    used 4160K, capacity 4566K, committed 4608K, reserved 1048576K
GC Heap History (10 events):
Event: 5.504 GC heap before
{Heap before GC invocations=2 (full 0):
 garbage-first heap   total 129024K, used 34482K [0x0000000082200000, 0x0000000100000000)
  region size 1024K, 29 young (29696K), 1 survivors (1024K)
 Metaspace       used 17844K, capacity 18408K, committed 18560K, reserved 1064960K
  class space    used 1947K, capacity 2163K, committed 2176K, reserved 1048576K
}
Event: 5.513 GC heap after
{Heap after GC invocations=3 (full 0):
 garbage-first heap   total 129024K, used 7295K [0x0000000082200000, 0x0000000100000000)
  region size 1024K, 2 young (2048K), 2 survivors (2048K)
 Metaspace       used 17844K, capacity 18408K, committed 18560K, reserved 1064960K
  class space    used 1947K, capacity 2163K, committed 2176K, reserved 1048576K
}
Event: 5.876 GC heap before
{Heap before GC invocations=3 (full 0):
 garbage-first heap   total 129024K, used 22655K [0x0000000082200000, 0x0000000100000000)
  region size 1024K, 18 young (18432K), 2 survivors (2048K)
 Metaspace       used 20565K, capacity 21156K, committed 21504K, reserved 1069056K
  class space    used 2223K, capacity 2440K, committed 2560K, reserved 1048576K
}
Event: 5.882 GC heap after
{Heap after GC invocations=4 (full 0):
 garbage-first heap   total 129024K, used 7696K [0x0000000082200000, 0x0000000100000000)
  region size 1024K, 3 young (3072K), 3 survivors (3072K)
 Metaspace       used 20565K, capacity 21156K, committed 21504K, reserved 1069056K
  class space    used 2223K, capacity 2440K, committed 2560K, reserved 1048576K
}
Event: 7.881 GC heap before
{Heap before GC invocations=5 (full 0):
 garbage-first heap   total 129024K, used 48656K [0x0000000082200000, 0x0000000100000000)
  region size 1024K, 44 young (45056K), 3 survivors (3072K)
 Metaspace       used 25498K, capacity 26150K, committed 26240K, reserved 1073152K
  class space    used 2875K, capacity 3127K, committed 3200K, reserved 1048576K
}
Event: 7.895 GC heap after
{Heap after GC invocations=6 (full 0):
 garbage-first heap   total 129024K, used 9557K [0x0000000082200000, 0x0000000100000000)
  region size 1024K, 5 young (5120K), 5 survivors (5120K)
 Metaspace       used 25498K, capacity 26150K, committed 26240K, reserved 1073152K
  class space    used 2875K, capacity 3127K, committed 3200K, reserved 1048576K
}
Event: 14.423 GC heap before
{Heap before GC invocations=6 (full 0):
 garbage-first heap   total 129024K, used 70997K [0x0000000082200000, 0x0000000100000000)
  region size 1024K, 65 young (66560K), 5 survivors (5120K)
 Metaspace       used 32385K, capacity 33289K, committed 33408K, reserved 1079296K
  class space    used 3771K, capacity 4163K, committed 4224K, reserved 1048576K
}
Event: 14.438 GC heap after
{Heap after GC invocations=7 (full 0):
 garbage-first heap   total 129024K, used 12592K [0x0000000082200000, 0x0000000100000000)
  region size 1024K, 8 young (8192K), 8 survivors (8192K)
 Metaspace       used 32385K, capacity 33289K, committed 33408K, reserved 1079296K
  class space    used 3771K, capacity 4163K, committed 4224K, reserved 1048576K
}
Event: 14.890 GC heap before
{Heap before GC invocations=7 (full 0):
 garbage-first heap   total 129024K, used 23856K [0x0000000082200000, 0x0000000100000000)
  region size 1024K, 20 young (20480K), 8 survivors (8192K)
 Metaspace       used 34809K, capacity 35749K, committed 35840K, reserved 1081344K
  class space    used 4022K, capacity 4427K, committed 4480K, reserved 1048576K
}
Event: 14.907 GC heap after
{Heap after GC invocations=8 (full 0):
 garbage-first heap   total 129024K, used 14903K [0x0000000082200000, 0x0000000100000000)
  region size 1024K, 8 young (8192K), 8 survivors (8192K)
 Metaspace       used 34809K, capacity 35749K, committed 35840K, reserved 1081344K
  class space    used 4022K, capacity 4427K, committed 4480K, reserved 1048576K
}

